This is pdfTeX, Version 3.14159265-2.6-1.40.16 (MiKTeX 2.9) (preloaded format=pdflatex 2015.10.19)  19 OCT 2015 22:54
entering extended mode
**C:/Users/fabio/Desktop/test/thesis.tex
(C:/Users/fabio/Desktop/test/thesis.tex
LaTeX2e <2015/01/01> patch level 2
Babel <3.9m> and hyphenation patterns for 69 languages loaded.
(C:\Users\fabio\Downloads\tex\tex\latex\base\book.cls
Document Class: book 2014/09/29 v1.4h Standard LaTeX document class
(C:\Users\fabio\Downloads\tex\tex\latex\base\bk11.clo
File: bk11.clo 2014/09/29 v1.4h Standard LaTeX file (size option)
)
\c@part=\count79
\c@chapter=\count80
\c@section=\count81
\c@subsection=\count82
\c@subsubsection=\count83
\c@paragraph=\count84
\c@subparagraph=\count85
\c@figure=\count86
\c@table=\count87
\abovecaptionskip=\skip41
\belowcaptionskip=\skip42
\bibindent=\dimen102
)
(C:\Users\fabio\Downloads\tex\tex\latex\base\inputenc.sty
Package: inputenc 2015/03/17 v1.2c Input encoding file
\inpenc@prehook=\toks14
\inpenc@posthook=\toks15

(C:\Users\fabio\Downloads\tex\tex\latex\base\latin1.def
File: latin1.def 2015/03/17 v1.2c Input encoding file
))
(C:\Users\fabio\Downloads\tex\tex\generic\babel\babel.sty
Package: babel 2015/08/03 3.9m The Babel package

*************************************
* Local config file bblopts.cfg used
*
(C:\Users\fabio\Downloads\tex\tex\latex\00miktex\bblopts.cfg
File: bblopts.cfg 2006/07/31 v1.0 MiKTeX 'babel' configuration
)
(C:\Users\fabio\Downloads\tex\tex\latex\babel-english\english.ldf
Language: english 2012/08/20 v3.3p English support from the babel system

(C:\Users\fabio\Downloads\tex\tex\generic\babel\babel.def
File: babel.def 2015/08/03 3.9m Babel common definitions
\babel@savecnt=\count88
\U@D=\dimen103
)
\l@canadian = a dialect from \language\l@american 
\l@australian = a dialect from \language\l@british 
\l@newzealand = a dialect from \language\l@british 
))
(C:\Users\fabio\Downloads\tex\tex\latex\graphics\graphicx.sty
Package: graphicx 2014/10/28 v1.0g Enhanced LaTeX Graphics (DPC,SPQR)

(C:\Users\fabio\Downloads\tex\tex\latex\graphics\keyval.sty
Package: keyval 2014/10/28 v1.15 key=value parser (DPC)
\KV@toks@=\toks16
)
(C:\Users\fabio\Downloads\tex\tex\latex\graphics\graphics.sty
Package: graphics 2014/10/28 v1.0p Standard LaTeX Graphics (DPC,SPQR)

(C:\Users\fabio\Downloads\tex\tex\latex\graphics\trig.sty
Package: trig 1999/03/16 v1.09 sin cos tan (DPC)
)
(C:\Users\fabio\Downloads\tex\tex\latex\00miktex\graphics.cfg
File: graphics.cfg 2007/01/18 v1.5 graphics configuration of teTeX/TeXLive
)
Package graphics Info: Driver file: pdftex.def on input line 94.

(C:\Users\fabio\Downloads\tex\tex\latex\pdftex-def\pdftex.def
File: pdftex.def 2011/05/27 v0.06d Graphics/color for pdfTeX

(C:\Users\fabio\Downloads\tex\tex\generic\oberdiek\infwarerr.sty
Package: infwarerr 2010/04/08 v1.3 Providing info/warning/error messages (HO)
)
(C:\Users\fabio\Downloads\tex\tex\generic\oberdiek\ltxcmds.sty
Package: ltxcmds 2011/11/09 v1.22 LaTeX kernel commands for general use (HO)
)
\Gread@gobject=\count89
))
\Gin@req@height=\dimen104
\Gin@req@width=\dimen105
)
(C:\Users\fabio\Downloads\tex\tex\latex\frankenstein\achicago.sty
Package: achicago 2001/08/31 v1.2 Chicago Manual author-date citations

(C:\Users\fabio\Downloads\tex\tex\latex\frankenstein\blkcntrl.sty
Package: blkcntrl 2001/08/31 v1.2 block control

(C:\Users\fabio\Downloads\tex\tex\latex\frankenstein\moredefs.sty
Package: moredefs 2001/08/31 v1.8 more defining commands (Frankenstein's brain)

\sc@toks@a=\toks17
\sc@toks@b=\toks18
)
(C:\Users\fabio\Downloads\tex\tex\latex\ltxmisc\relsize.sty
Package: relsize 2003/07/04 ver 3.1
))
(C:\Users\fabio\Downloads\tex\tex\latex\frankenstein\slemph.sty
Package: slemph 1999/02/25 v1.2 slanted emphasis (Frankenstein's gait)
LaTeX Info: Redefining \itswitch on input line 177.
LaTeX Info: Redefining \slswitch on input line 186.
LaTeX Info: Redefining \textitswitch on input line 195.
LaTeX Info: Redefining \textslswitch on input line 196.

(C:\Users\fabio\Downloads\tex\tex\latex\frankenstein\slemph.cfg
File: slemph.cfg 
))
(C:\Users\fabio\Downloads\tex\tex\latex\frankenstein\titles.sty
Package: titles 2001/08/31 v1.2 title macros (Frankenstein's references)

(C:\Users\fabio\Downloads\tex\tex\latex\frankenstein\titles.cfg
File: titles.cfg 
))
(C:\Users\fabio\Downloads\tex\tex\latex\tools\verbatim.sty
Package: verbatim 2014/10/28 v1.5q LaTeX2e package for verbatim enhancements
\every@verbatim=\toks19
\verbatim@line=\toks20
\verbatim@in@stream=\read1
)
\sc@box@a=\box26
)
(C:\Users\fabio\Downloads\tex\tex\latex\psnfss\charter.sty
Package: charter 2005/04/12 PSNFSS-v9.2a (P.Dyballa) 
) (glossary.sty
Package: glossary 2004/11/02 2.12 (NLCT)

(C:\Users\fabio\Downloads\tex\tex\latex\base\ifthen.sty
Package: ifthen 2014/09/29 v1.1c Standard LaTeX ifthen package (DPC)
)
\gls@cols=\count90

(C:\Users\fabio\Downloads\tex\tex\latex\tools\longtable.sty
Package: longtable 2014/10/28 v4.11 Multi-page Table package (DPC)
\LTleft=\skip43
\LTright=\skip44
\LTpre=\skip45
\LTpost=\skip46
\LTchunksize=\count91
\LTcapwidth=\dimen106
\LT@head=\box27
\LT@firsthead=\box28
\LT@foot=\box29
\LT@lastfoot=\box30
\LT@cols=\count92
\LT@rows=\count93
\c@LT@tables=\count94
\c@LT@chunks=\count95
\LT@p@ftn=\toks21
)
\descriptionwidth=\skip47
\istfile=\write3
)
(C:\Users\fabio\Downloads\tex\tex\latex\listings\listings.sty
\lst@mode=\count96
\lst@gtempboxa=\box31
\lst@token=\toks22
\lst@length=\count97
\lst@currlwidth=\dimen107
\lst@column=\count98
\lst@pos=\count99
\lst@lostspace=\dimen108
\lst@width=\dimen109
\lst@newlines=\count100
\lst@lineno=\count101
\lst@maxwidth=\dimen110

(C:\Users\fabio\Downloads\tex\tex\latex\listings\lstmisc.sty
File: lstmisc.sty 2015/06/04 1.6 (Carsten Heinz)
\c@lstnumber=\count102
\lst@skipnumbers=\count103
\lst@framebox=\box32
)
(C:\Users\fabio\Downloads\tex\tex\latex\listings\listings.cfg
File: listings.cfg 2015/06/04 1.6 listings configuration
))
Package: listings 2015/06/04 1.6 (Carsten Heinz)

(C:\Users\fabio\Downloads\tex\tex\latex\listings\lstlang1.sty
File: lstlang1.sty 2015/06/04 1.6 listings language file
)
\@glossaryfile=\write4

Writing glossary file thesis.glo 
(thesis.aux)
LaTeX Font Info:    Checking defaults for OML/cmm/m/it on input line 23.
LaTeX Font Info:    ... okay on input line 23.
LaTeX Font Info:    Checking defaults for T1/cmr/m/n on input line 23.
LaTeX Font Info:    ... okay on input line 23.
LaTeX Font Info:    Checking defaults for OT1/cmr/m/n on input line 23.
LaTeX Font Info:    ... okay on input line 23.
LaTeX Font Info:    Checking defaults for OMS/cmsy/m/n on input line 23.
LaTeX Font Info:    ... okay on input line 23.
LaTeX Font Info:    Checking defaults for OMX/cmex/m/n on input line 23.
LaTeX Font Info:    ... okay on input line 23.
LaTeX Font Info:    Checking defaults for U/cmr/m/n on input line 23.
LaTeX Font Info:    ... okay on input line 23.
LaTeX Font Info:    Try loading font information for OT1+bch on input line 23.
 (C:\Users\fabio\Downloads\tex\tex\latex\psnfss\ot1bch.fd
File: ot1bch.fd 2004/10/18 font definitions for OT1/bch.
)
(C:\Users\fabio\Downloads\tex\tex\context\base\supp-pdf.mkii
[Loading MPS to PDF converter (version 2006.09.02).]
\scratchcounter=\count104
\scratchdimen=\dimen111
\scratchbox=\box33
\nofMPsegments=\count105
\nofMParguments=\count106
\everyMPshowfont=\toks23
\MPscratchCnt=\count107
\MPscratchDim=\dimen112
\MPnumerator=\count108
\makeMPintoPDFobject=\count109
\everyMPtoPDFconversion=\toks24
)
\c@lstlisting=\count110
 [1



{C:/Users/fabio/Downloads/tex/pdftex/config/pdftex.map}] (thesis.toc
LaTeX Font Info:    External font `cmex10' loaded for size
(Font)              <10.95> on input line 3.
LaTeX Font Info:    External font `cmex10' loaded for size
(Font)              <8> on input line 3.
LaTeX Font Info:    External font `cmex10' loaded for size
(Font)              <6> on input line 3.

[1

])
\tf@toc=\write5
 [2] [1


] [2

] [3]
Capitolo 1.

Overfull \hbox (2.31786pt too wide) in paragraph at lines 105--105
[]\OT1/bch/b/n/14.4 Indicazioni e con-troindi-cazioni alla nu-trizione ar-
 []

[4

]
Overfull \hbox (0.7915pt too wide) in paragraph at lines 120--120
[]\OT1/bch/b/n/14.4 Indicazioni alla Nu-trizione En-terale e Par-enterale 
 []

LaTeX Font Info:    Try loading font information for OMS+bch on input line 133.

(C:\Users\fabio\Downloads\tex\tex\latex\psnfss\omsbch.fd
File: omsbch.fd 
)
LaTeX Font Info:    Font shape `OMS/bch/m/n' in size <10.95> not available
(Font)              Font shape `OMS/cmsy/m/n' tried instead on input line 133.
 [5]
Overfull \hbox (0.93547pt too wide) in paragraph at lines 138--138
[]\OT1/bch/b/n/14.4 Complicazioni as-so-ciate alla nu-trizione ar-ti-fi-ciale 
 []

[6]
Overfull \hbox (20.28676pt too wide) in paragraph at lines 145--150
[]\OT1/bch/m/n/10.95 Le com-pli-cazioni as-so-ciate alla NP sono legate prin-ci
-pal-mente all'inserimento
 []

[7]
Capitolo 2.
[8

]
Capitolo 3.
[9

]
Capitolo 4.

Overfull \hbox (7.94829pt too wide) in paragraph at lines 165--165
[]\OT1/bch/b/n/14.4 Complicanze as-so-ciate alla de-menza in stato avan-
 []


Overfull \hbox (1.69868pt too wide) in paragraph at lines 169--169
[]\OT1/bch/b/n/14.4 Considerazioni etiche del Comi-tato Nazionale per
 []


Overfull \hbox (9.89246pt too wide) in paragraph at lines 169--169
\OT1/bch/b/n/14.4 la Bioet-ica sulle de-menze e la malat-tia d'Alzheimer 
 []

[10

]
Capitolo 5.

Overfull \hbox (29.8218pt too wide) in paragraph at lines 174--174
[]\OT1/bch/b/n/14.4 Il di-bat-tito sull'interruzione del sup-porto nu-trizional
e
 []


Overfull \hbox (0.8202pt too wide) in paragraph at lines 176--176
[]\OT1/bch/b/n/14.4 La prospet-tiva con-trat-tual-ista nella nu-trizione ar-
 []

[11

]
Capitolo 6.
[12

] (thesis.aux) ) 
Here is how much of TeX's memory you used:
 3665 strings out of 493673
 49815 string characters out of 3143619
 149085 words of memory out of 3000000
 6961 multiletter control sequences out of 15000+200000
 21685 words of font info for 40 fonts, out of 3000000 for 9000
 1025 hyphenation exceptions out of 8191
 29i,5n,40p,885b,219s stack positions out of 5000i,500n,10000p,200000b,50000s
{C:/Users/fabio/Downloads/tex/fonts/enc/dvips/fontname/8r.enc}<
C:/Users/fabio/Downloads/tex/fonts/type1/bitstrea/charter/bchb8a.pfb><C:/Users/
fabio/Downloads/tex/fonts/type1/bitstrea/charter/bchr8a.pfb><C:/Users/fabio/Dow
nloads/tex/fonts/type1/bitstrea/charter/bchr8a.pfb><C:/Users/fabio/Downloads/te
x/fonts/type1/public/amsfonts/cm/cmmi10.pfb><C:/Users/fabio/Downloads/tex/fonts
/type1/public/amsfonts/cm/cmsy10.pfb>
Output written on thesis.pdf (15 pages, 80711 bytes).
PDF statistics:
 72 PDF objects out of 1000 (max. 8388607)
 0 named destinations out of 1000 (max. 500000)
 1 words of extra memory for PDF output out of 10000 (max. 10000000)

